<?xml version="1.0" encoding="UTF-8"?>
<testsuite name="test.PastMeetingTest" tests="1" skipped="0" failures="0" errors="0" timestamp="2017-02-03T17:05:40" hostname="phoenix" time="0.0">
  <properties/>
  <testcase name="testGetNotesNone" classname="test.PastMeetingTest" time="0.0"/>
  <system-out><![CDATA[]]></system-out>
  <system-err><![CDATA[]]></system-err>
</testsuite>
