<?xml version="1.0" encoding="UTF-8"?>
<testsuite name="test.ContactTest" tests="8" skipped="0" failures="0" errors="0" timestamp="2017-02-03T17:05:40" hostname="phoenix" time="0.003">
  <properties/>
  <testcase name="testContactUniqueIds" classname="test.ContactTest" time="0.002"/>
  <testcase name="testGetNotesNone" classname="test.ContactTest" time="0.0"/>
  <testcase name="testContactConstructorNameNotes" classname="test.ContactTest" time="0.0"/>
  <testcase name="testContactConstructorSetName" classname="test.ContactTest" time="0.0"/>
  <testcase name="testContactConstructorSetNameNotes" classname="test.ContactTest" time="0.0"/>
  <testcase name="testAddNotesMultiple" classname="test.ContactTest" time="0.0"/>
  <testcase name="testAddNotesSingle" classname="test.ContactTest" time="0.0"/>
  <testcase name="testContactConstructorName" classname="test.ContactTest" time="0.0"/>
  <system-out><![CDATA[]]></system-out>
  <system-err><![CDATA[]]></system-err>
</testsuite>
